<?xml version="1.0" encoding="UTF-8"?>
<!-- Generated by org.testng.reporters.JUnitReportReporter -->
<testsuite hostname="DESKTOP-TCHB44F" name="testcases.TC01_Login" tests="1" failures="0" timestamp="3 Feb 2017 12:39:35 GMT" time="113.571" errors="0">
  <testcase name="login" time="113.571" classname="testcases.TC01_Login"/>
</testsuite> <!-- testcases.TC01_Login -->
