<?xml version="1.0" encoding="UTF-8"?>
<!-- Generated by org.testng.reporters.JUnitReportReporter -->
<testsuite hostname="DESKTOP-TCHB44F" name="testcases.TC02_ChangeProfile" tests="1" failures="0" timestamp="3 Feb 2017 16:02:29 GMT" time="70.915" errors="1">
  <testcase name="login" time="70.915" classname="testcases.TC02_ChangeProfile">
    <error type="java.lang.StackOverflowError">
      <![CDATA[java.lang.StackOverflowError
	at java.net.SocketInputStream.socketRead0(Native Method)
	at java.net.SocketInputStream.read(Unknown Source)
	at java.net.SocketInputStream.read(Unknown Source)
	at org.apache.http.impl.io.SessionInputBufferImpl.streamRead(SessionInputBufferImpl.java:139)
	at org.apache.http.impl.io.SessionInputBufferImpl.fillBuffer(SessionInputBufferImpl.java:155)
	at org.apache.http.impl.BHttpConnectionBase.fillInputBuffer(BHttpConnectionBase.java:346)
	at org.apache.http.impl.BHttpConnectionBase.isStale(BHttpConnectionBase.java:366)
	at org.apache.http.impl.conn.CPoolProxy.isStale(CPoolProxy.java:114)
	at org.apache.http.impl.execchain.MainClientExec.execute(MainClientExec.java:208)
	at org.apache.http.impl.execchain.ProtocolExec.execute(ProtocolExec.java:184)
	at org.apache.http.impl.execchain.RetryExec.execute(RetryExec.java:88)
	at org.apache.http.impl.execchain.RedirectExec.execute(RedirectExec.java:110)
	at org.apache.http.impl.client.InternalHttpClient.doExecute(InternalHttpClient.java:184)
	at org.apache.http.impl.client.CloseableHttpClient.execute(CloseableHttpClient.java:71)
	at org.apache.http.impl.client.CloseableHttpClient.execute(CloseableHttpClient.java:55)
	at org.openqa.selenium.remote.internal.ApacheHttpClient.fallBackExecute(ApacheHttpClient.java:142)
	at org.openqa.selenium.remote.internal.ApacheHttpClient.execute(ApacheHttpClient.java:88)
	at org.openqa.selenium.remote.HttpCommandExecutor.execute(HttpCommandExecutor.java:160)
	at io.appium.java_client.remote.AppiumCommandExecutor.execute(AppiumCommandExecutor.java:69)
	at org.openqa.selenium.remote.RemoteWebDriver.execute(RemoteWebDriver.java:601)
	at io.appium.java_client.DefaultGenericMobileDriver.execute(DefaultGenericMobileDriver.java:40)
	at io.appium.java_client.AppiumDriver.execute(AppiumDriver.java:235)
	at org.openqa.selenium.remote.RemoteWebDriver.getScreenshotAs(RemoteWebDriver.java:340)
	at wrapper.WrapperMethods.takeSnap(WrapperMethods.java:314)
	at utils.Reporter.reportStep(Reporter.java:18)
	at wrapper.WrapperMethods.takeSnap(WrapperMethods.java:316)
	at utils.Reporter.reportStep(Reporter.java:18)
	at wrapper.WrapperMethods.takeSnap(WrapperMethods.java:316)
	at utils.Reporter.reportStep(Reporter.java:18)
	at wrapper.WrapperMethods.takeSnap(WrapperMethods.java:316)
	at utils.Reporter.reportStep(Reporter.java:18)
	at wrapper.WrapperMethods.takeSnap(WrapperMethods.java:316)
	at utils.Reporter.reportStep(Reporter.java:18)
	at wrapper.WrapperMethods.takeSnap(WrapperMethods.java:316)
	at utils.Reporter.reportStep(Reporter.java:18)
	at wrapper.WrapperMethods.takeSnap(WrapperMethods.java:316)
	at utils.Reporter.reportStep(Reporter.java:18)
	at wrapper.WrapperMethods.takeSnap(WrapperMethods.java:316)
	at utils.Reporter.reportStep(Reporter.java:18)
	at wrapper.WrapperMethods.takeSnap(WrapperMethods.java:316)
	at utils.Reporter.reportStep(Reporter.java:18)
	at wrapper.WrapperMethods.takeSnap(WrapperMethods.java:316)
	at utils.Reporter.reportStep(Reporter.java:18)
	at wrapper.WrapperMethods.takeSnap(WrapperMethods.java:316)
	at utils.Reporter.reportStep(Reporter.java:18)
	at wrapper.WrapperMethods.takeSnap(WrapperMethods.java:316)
	at utils.Reporter.reportStep(Reporter.java:18)
	at wrapper.WrapperMethods.takeSnap(WrapperMethods.java:316)
	at utils.Reporter.reportStep(Reporter.java:18)
	at wrapper.WrapperMethods.takeSnap(WrapperMethods.java:316)
	at utils.Reporter.reportStep(Reporter.java:18)
	at wrapper.WrapperMethods.takeSnap(WrapperMethods.java:316)
	at utils.Reporter.reportStep(Reporter.java:18)
	at wrapper.WrapperMethods.takeSnap(WrapperMethods.java:316)
	at utils.Reporter.reportStep(Reporter.java:18)
	at wrapper.WrapperMethods.takeSnap(WrapperMethods.java:316)
	at utils.Reporter.reportStep(Reporter.java:18)
	at wrapper.WrapperMethods.takeSnap(WrapperMethods.java:316)
	at utils.Reporter.reportStep(Reporter.java:18)
	at wrapper.WrapperMethods.takeSnap(WrapperMethods.java:316)
	at utils.Reporter.reportStep(Reporter.java:18)
	at wrapper.WrapperMethods.takeSnap(WrapperMethods.java:316)
	at utils.Reporter.reportStep(Reporter.java:18)
	at wrapper.WrapperMethods.takeSnap(WrapperMethods.java:316)
	at utils.Reporter.reportStep(Reporter.java:18)
	at wrapper.WrapperMethods.takeSnap(WrapperMethods.java:316)
	at utils.Reporter.reportStep(Reporter.java:18)
	at wrapper.WrapperMethods.takeSnap(WrapperMethods.java:316)
	at utils.Reporter.reportStep(Reporter.java:18)
	at wrapper.WrapperMethods.takeSnap(WrapperMethods.java:316)
	at utils.Reporter.reportStep(Reporter.java:18)
	at wrapper.WrapperMethods.takeSnap(WrapperMethods.java:316)
	at utils.Reporter.reportStep(Reporter.java:18)
	at wrapper.WrapperMethods.takeSnap(WrapperMethods.java:316)
	at utils.Reporter.reportStep(Reporter.java:18)
	at wrapper.WrapperMethods.takeSnap(WrapperMethods.java:316)
	at utils.Reporter.reportStep(Reporter.java:18)
	at wrapper.WrapperMethods.takeSnap(WrapperMethods.java:316)
	at utils.Reporter.reportStep(Reporter.java:18)
	at wrapper.WrapperMethods.takeSnap(WrapperMethods.java:316)
	at utils.Reporter.reportStep(Reporter.java:18)
	at wrapper.WrapperMethods.takeSnap(WrapperMethods.java:316)
	at utils.Reporter.reportStep(Reporter.java:18)
	at wrapper.WrapperMethods.takeSnap(WrapperMethods.java:316)
	at utils.Reporter.reportStep(Reporter.java:18)
	at wrapper.WrapperMethods.takeSnap(WrapperMethods.java:316)
	at utils.Reporter.reportStep(Reporter.java:18)
	at wrapper.WrapperMethods.takeSnap(WrapperMethods.java:316)
	at utils.Reporter.reportStep(Reporter.java:18)
	at wrapper.WrapperMethods.takeSnap(WrapperMethods.java:316)
	at utils.Reporter.reportStep(Reporter.java:18)
	at wrapper.WrapperMethods.takeSnap(WrapperMethods.java:316)
	at utils.Reporter.reportStep(Reporter.java:18)
	at wrapper.WrapperMethods.takeSnap(WrapperMethods.java:316)
	at utils.Reporter.reportStep(Reporter.java:18)
	at wrapper.WrapperMethods.takeSnap(WrapperMethods.java:316)
	at utils.Reporter.reportStep(Reporter.java:18)
	at wrapper.WrapperMethods.takeSnap(WrapperMethods.java:316)
	at utils.Reporter.reportStep(Reporter.java:18)
	at wrapper.WrapperMethods.takeSnap(WrapperMethods.java:316)
	at utils.Reporter.reportStep(Reporter.java:18)
	at wrapper.WrapperMethods.takeSnap(WrapperMethods.java:316)
	at utils.Reporter.reportStep(Reporter.java:18)
	at wrapper.WrapperMethods.takeSnap(WrapperMethods.java:316)
	at utils.Reporter.reportStep(Reporter.java:18)
	at wrapper.WrapperMethods.takeSnap(WrapperMethods.java:316)
	at utils.Reporter.reportStep(Reporter.java:18)
	at wrapper.WrapperMethods.takeSnap(WrapperMethods.java:316)
	at utils.Reporter.reportStep(Reporter.java:18)
	at wrapper.WrapperMethods.takeSnap(WrapperMethods.java:316)
	at utils.Reporter.reportStep(Reporter.java:18)
	at wrapper.WrapperMethods.takeSnap(WrapperMethods.java:316)
	at utils.Reporter.reportStep(Reporter.java:18)
	at wrapper.WrapperMethods.takeSnap(WrapperMethods.java:316)
	at utils.Reporter.reportStep(Reporter.java:18)
	at wrapper.WrapperMethods.takeSnap(WrapperMethods.java:316)
	at utils.Reporter.reportStep(Reporter.java:18)
	at wrapper.WrapperMethods.takeSnap(WrapperMethods.java:316)
	at utils.Reporter.reportStep(Reporter.java:18)
	at wrapper.WrapperMethods.takeSnap(WrapperMethods.java:316)
	at utils.Reporter.reportStep(Reporter.java:18)
	at wrapper.WrapperMethods.takeSnap(WrapperMethods.java:316)
	at utils.Reporter.reportStep(Reporter.java:18)
	at wrapper.WrapperMethods.takeSnap(WrapperMethods.java:316)
	at utils.Reporter.reportStep(Reporter.java:18)
	at wrapper.WrapperMethods.takeSnap(WrapperMethods.java:316)
	at utils.Reporter.reportStep(Reporter.java:18)
	at wrapper.WrapperMethods.takeSnap(WrapperMethods.java:316)
	at utils.Reporter.reportStep(Reporter.java:18)
	at wrapper.WrapperMethods.takeSnap(WrapperMethods.java:316)
	at utils.Reporter.reportStep(Reporter.java:18)
	at wrapper.WrapperMethods.takeSnap(WrapperMethods.java:316)
	at utils.Reporter.reportStep(Reporter.java:18)
	at wrapper.WrapperMethods.takeSnap(WrapperMethods.java:316)
	at utils.Reporter.reportStep(Reporter.java:18)
	at wrapper.WrapperMethods.takeSnap(WrapperMethods.java:316)
	at utils.Reporter.reportStep(Reporter.java:18)
	at wrapper.WrapperMethods.takeSnap(WrapperMethods.java:316)
	at utils.Reporter.reportStep(Reporter.java:18)
	at wrapper.WrapperMethods.takeSnap(WrapperMethods.java:316)
	at utils.Reporter.reportStep(Reporter.java:18)
	at wrapper.WrapperMethods.takeSnap(WrapperMethods.java:316)
	at utils.Reporter.reportStep(Reporter.java:18)
	at wrapper.WrapperMethods.takeSnap(WrapperMethods.java:316)
	at utils.Reporter.reportStep(Reporter.java:18)
	at wrapper.WrapperMethods.takeSnap(WrapperMethods.java:316)
	at utils.Reporter.reportStep(Reporter.java:18)
	at wrapper.WrapperMethods.takeSnap(WrapperMethods.java:316)
	at utils.Reporter.reportStep(Reporter.java:18)
	at wrapper.WrapperMethods.takeSnap(WrapperMethods.java:316)
	at utils.Reporter.reportStep(Reporter.java:18)
	at wrapper.WrapperMethods.takeSnap(WrapperMethods.java:316)
	at utils.Reporter.reportStep(Reporter.java:18)
	at wrapper.WrapperMethods.takeSnap(WrapperMethods.java:316)
	at utils.Reporter.reportStep(Reporter.java:18)
	at wrapper.WrapperMethods.takeSnap(WrapperMethods.java:316)
	at utils.Reporter.reportStep(Reporter.java:18)
	at wrapper.WrapperMethods.takeSnap(WrapperMethods.java:316)
	at utils.Reporter.reportStep(Reporter.java:18)
	at wrapper.WrapperMethods.takeSnap(WrapperMethods.java:316)
	at utils.Reporter.reportStep(Reporter.java:18)
	at wrapper.WrapperMethods.takeSnap(WrapperMethods.java:316)
	at utils.Reporter.reportStep(Reporter.java:18)
	at wrapper.WrapperMethods.takeSnap(WrapperMethods.java:316)
	at utils.Reporter.reportStep(Reporter.java:18)
	at wrapper.WrapperMethods.takeSnap(WrapperMethods.java:316)
	at utils.Reporter.reportStep(Reporter.java:18)
	at wrapper.WrapperMethods.takeSnap(WrapperMethods.java:316)
	at utils.Reporter.reportStep(Reporter.java:18)
	at wrapper.WrapperMethods.takeSnap(WrapperMethods.java:316)
	at utils.Reporter.reportStep(Reporter.java:18)
	at wrapper.WrapperMethods.takeSnap(WrapperMethods.java:316)
	at utils.Reporter.reportStep(Reporter.java:18)
	at wrapper.WrapperMethods.takeSnap(WrapperMethods.java:316)
	at utils.Reporter.reportStep(Reporter.java:18)
	at wrapper.WrapperMethods.takeSnap(WrapperMethods.java:316)
	at utils.Reporter.reportStep(Reporter.java:18)
	at wrapper.WrapperMethods.takeSnap(WrapperMethods.java:316)
	at utils.Reporter.reportStep(Reporter.java:18)
	at wrapper.WrapperMethods.takeSnap(WrapperMethods.java:316)
	at utils.Reporter.reportStep(Reporter.java:18)
	at wrapper.WrapperMethods.takeSnap(WrapperMethods.java:316)
	at utils.Reporter.reportStep(Reporter.java:18)
	at wrapper.WrapperMethods.takeSnap(WrapperMethods.java:316)
	at utils.Reporter.reportStep(Reporter.java:18)
	at wrapper.WrapperMethods.takeSnap(WrapperMethods.java:316)
	at utils.Reporter.reportStep(Reporter.java:18)
	at wrapper.WrapperMethods.takeSnap(WrapperMethods.java:316)
	at utils.Reporter.reportStep(Reporter.java:18)
	at wrapper.WrapperMethods.takeSnap(WrapperMethods.java:316)
	at utils.Reporter.reportStep(Reporter.java:18)
	at wrapper.WrapperMethods.takeSnap(WrapperMethods.java:316)
	at utils.Reporter.reportStep(Reporter.java:18)
	at wrapper.WrapperMethods.takeSnap(WrapperMethods.java:316)
	at utils.Reporter.reportStep(Reporter.java:18)
	at wrapper.WrapperMethods.takeSnap(WrapperMethods.java:316)
	at utils.Reporter.reportStep(Reporter.java:18)
	at wrapper.WrapperMethods.takeSnap(WrapperMethods.java:316)
	at utils.Reporter.reportStep(Reporter.java:18)
	at wrapper.WrapperMethods.takeSnap(WrapperMethods.java:316)
	at utils.Reporter.reportStep(Reporter.java:18)
	at wrapper.WrapperMethods.takeSnap(WrapperMethods.java:316)
	at utils.Reporter.reportStep(Reporter.java:18)
	at wrapper.WrapperMethods.takeSnap(WrapperMethods.java:316)
	at utils.Reporter.reportStep(Reporter.java:18)
	at wrapper.WrapperMethods.takeSnap(WrapperMethods.java:316)
	at utils.Reporter.reportStep(Reporter.java:18)
	at wrapper.WrapperMethods.takeSnap(WrapperMethods.java:316)
	at utils.Reporter.reportStep(Reporter.java:18)
	at wrapper.WrapperMethods.takeSnap(WrapperMethods.java:316)
	at utils.Reporter.reportStep(Reporter.java:18)
	at wrapper.WrapperMethods.takeSnap(WrapperMethods.java:316)
	at utils.Reporter.reportStep(Reporter.java:18)
	at wrapper.WrapperMethods.takeSnap(WrapperMethods.java:316)
	at utils.Reporter.reportStep(Reporter.java:18)
	at wrapper.WrapperMethods.takeSnap(WrapperMethods.java:316)
	at utils.Reporter.reportStep(Reporter.java:18)
	at wrapper.WrapperMethods.takeSnap(WrapperMethods.java:316)
	at utils.Reporter.reportStep(Reporter.java:18)
	at wrapper.WrapperMethods.takeSnap(WrapperMethods.java:316)
	at utils.Reporter.reportStep(Reporter.java:18)
	at wrapper.WrapperMethods.takeSnap(WrapperMethods.java:316)
	at utils.Reporter.reportStep(Reporter.java:18)
	at wrapper.WrapperMethods.takeSnap(WrapperMethods.java:316)
	at utils.Reporter.reportStep(Reporter.java:18)
	at wrapper.WrapperMethods.takeSnap(WrapperMethods.java:316)
	at utils.Reporter.reportStep(Reporter.java:18)
	at wrapper.WrapperMethods.takeSnap(WrapperMethods.java:316)
	at utils.Reporter.reportStep(Reporter.java:18)
	at wrapper.WrapperMethods.takeSnap(WrapperMethods.java:316)
	at utils.Reporter.reportStep(Reporter.java:18)
	at wrapper.WrapperMethods.takeSnap(WrapperMethods.java:316)
	at utils.Reporter.reportStep(Reporter.java:18)
	at wrapper.WrapperMethods.takeSnap(WrapperMethods.java:316)
	at utils.Reporter.reportStep(Reporter.java:18)
	at wrapper.WrapperMethods.takeSnap(WrapperMethods.java:316)
	at utils.Reporter.reportStep(Reporter.java:18)
	at wrapper.WrapperMethods.takeSnap(WrapperMethods.java:316)
	at utils.Reporter.reportStep(Reporter.java:18)
	at wrapper.WrapperMethods.takeSnap(WrapperMethods.java:316)
	at utils.Reporter.reportStep(Reporter.java:18)
	at wrapper.WrapperMethods.takeSnap(WrapperMethods.java:316)
	at utils.Reporter.reportStep(Reporter.java:18)
	at wrapper.WrapperMethods.takeSnap(WrapperMethods.java:316)
	at utils.Reporter.reportStep(Reporter.java:18)
	at wrapper.WrapperMethods.takeSnap(WrapperMethods.java:316)
	at utils.Reporter.reportStep(Reporter.java:18)
	at wrapper.WrapperMethods.takeSnap(WrapperMethods.java:316)
	at utils.Reporter.reportStep(Reporter.java:18)
	at wrapper.WrapperMethods.takeSnap(WrapperMethods.java:316)
	at utils.Reporter.reportStep(Reporter.java:18)
	at wrapper.WrapperMethods.takeSnap(WrapperMethods.java:316)
	at utils.Reporter.reportStep(Reporter.java:18)
	at wrapper.WrapperMethods.takeSnap(WrapperMethods.java:316)
	at utils.Reporter.reportStep(Reporter.java:18)
	at wrapper.WrapperMethods.takeSnap(WrapperMethods.java:316)
	at utils.Reporter.reportStep(Reporter.java:18)
	at wrapper.WrapperMethods.takeSnap(WrapperMethods.java:316)
	at utils.Reporter.reportStep(Reporter.java:18)
	at wrapper.WrapperMethods.takeSnap(WrapperMethods.java:316)
	at utils.Reporter.reportStep(Reporter.java:18)
	at wrapper.WrapperMethods.takeSnap(WrapperMethods.java:316)
	at utils.Reporter.reportStep(Reporter.java:18)
	at wrapper.WrapperMethods.takeSnap(WrapperMethods.java:316)
	at utils.Reporter.reportStep(Reporter.java:18)
	at wrapper.WrapperMethods.takeSnap(WrapperMethods.java:316)
	at utils.Reporter.reportStep(Reporter.java:18)
	at wrapper.WrapperMethods.takeSnap(WrapperMethods.java:316)
	at utils.Reporter.reportStep(Reporter.java:18)
	at wrapper.WrapperMethods.takeSnap(WrapperMethods.java:316)
	at utils.Reporter.reportStep(Reporter.java:18)
	at wrapper.WrapperMethods.takeSnap(WrapperMethods.java:316)
	at utils.Reporter.reportStep(Reporter.java:18)
	at wrapper.WrapperMethods.takeSnap(WrapperMethods.java:316)
	at utils.Reporter.reportStep(Reporter.java:18)
	at wrapper.WrapperMethods.takeSnap(WrapperMethods.java:316)
	at utils.Reporter.reportStep(Reporter.java:18)
	at wrapper.WrapperMethods.takeSnap(WrapperMethods.java:316)
	at utils.Reporter.reportStep(Reporter.java:18)
	at wrapper.WrapperMethods.takeSnap(WrapperMethods.java:316)
	at utils.Reporter.reportStep(Reporter.java:18)
	at wrapper.WrapperMethods.takeSnap(WrapperMethods.java:316)
	at utils.Reporter.reportStep(Reporter.java:18)
	at wrapper.WrapperMethods.takeSnap(WrapperMethods.java:316)
	at utils.Reporter.reportStep(Reporter.java:18)
	at wrapper.WrapperMethods.takeSnap(WrapperMethods.java:316)
	at utils.Reporter.reportStep(Reporter.java:18)
	at wrapper.WrapperMethods.takeSnap(WrapperMethods.java:316)
	at utils.Reporter.reportStep(Reporter.java:18)
	at wrapper.WrapperMethods.takeSnap(WrapperMethods.java:316)
	at utils.Reporter.reportStep(Reporter.java:18)
	at wrapper.WrapperMethods.takeSnap(WrapperMethods.java:316)
	at utils.Reporter.reportStep(Reporter.java:18)
	at wrapper.WrapperMethods.takeSnap(WrapperMethods.java:316)
	at utils.Reporter.reportStep(Reporter.java:18)
	at wrapper.WrapperMethods.takeSnap(WrapperMethods.java:316)
	at utils.Reporter.reportStep(Reporter.java:18)
	at wrapper.WrapperMethods.takeSnap(WrapperMethods.java:316)
	at utils.Reporter.reportStep(Reporter.java:18)
	at wrapper.WrapperMethods.takeSnap(WrapperMethods.java:316)
	at utils.Reporter.reportStep(Reporter.java:18)
	at wrapper.WrapperMethods.takeSnap(WrapperMethods.java:316)
	at utils.Reporter.reportStep(Reporter.java:18)
	at wrapper.WrapperMethods.takeSnap(WrapperMethods.java:316)
	at utils.Reporter.reportStep(Reporter.java:18)
	at wrapper.WrapperMethods.takeSnap(WrapperMethods.java:316)
	at utils.Reporter.reportStep(Reporter.java:18)
	at wrapper.WrapperMethods.takeSnap(WrapperMethods.java:316)
	at utils.Reporter.reportStep(Reporter.java:18)
	at wrapper.WrapperMethods.takeSnap(WrapperMethods.java:316)
	at utils.Reporter.reportStep(Reporter.java:18)
	at wrapper.WrapperMethods.takeSnap(WrapperMethods.java:316)
	at utils.Reporter.reportStep(Reporter.java:18)
	at wrapper.WrapperMethods.takeSnap(WrapperMethods.java:316)
	at utils.Reporter.reportStep(Reporter.java:18)
	at wrapper.WrapperMethods.takeSnap(WrapperMethods.java:316)
	at utils.Reporter.reportStep(Reporter.java:18)
	at wrapper.WrapperMethods.takeSnap(WrapperMethods.java:316)
	at utils.Reporter.reportStep(Reporter.java:18)
	at wrapper.WrapperMethods.takeSnap(WrapperMethods.java:316)
	at utils.Reporter.reportStep(Reporter.java:18)
	at wrapper.WrapperMethods.takeSnap(WrapperMethods.java:316)
	at utils.Reporter.reportStep(Reporter.java:18)
	at wrapper.WrapperMethods.takeSnap(WrapperMethods.java:316)
	at utils.Reporter.reportStep(Reporter.java:18)
	at wrapper.WrapperMethods.takeSnap(WrapperMethods.java:316)
	at utils.Reporter.reportStep(Reporter.java:18)
	at wrapper.WrapperMethods.takeSnap(WrapperMethods.java:316)
	at utils.Reporter.reportStep(Reporter.java:18)
	at wrapper.WrapperMethods.takeSnap(WrapperMethods.java:316)
	at utils.Reporter.reportStep(Reporter.java:18)
	at wrapper.WrapperMethods.takeSnap(WrapperMethods.java:316)
	at utils.Reporter.reportStep(Reporter.java:18)
	at wrapper.WrapperMethods.takeSnap(WrapperMethods.java:316)
	at utils.Reporter.reportStep(Reporter.java:18)
	at wrapper.WrapperMethods.takeSnap(WrapperMethods.java:316)
	at utils.Reporter.reportStep(Reporter.java:18)
	at wrapper.WrapperMethods.takeSnap(WrapperMethods.java:316)
	at utils.Reporter.reportStep(Reporter.java:18)
	at wrapper.WrapperMethods.takeSnap(WrapperMethods.java:316)
	at utils.Reporter.reportStep(Reporter.java:18)
	at wrapper.WrapperMethods.takeSnap(WrapperMethods.java:316)
	at utils.Reporter.reportStep(Reporter.java:18)
	at wrapper.WrapperMethods.takeSnap(WrapperMethods.java:316)
	at utils.Reporter.reportStep(Reporter.java:18)
	at wrapper.WrapperMethods.takeSnap(WrapperMethods.java:316)
	at utils.Reporter.reportStep(Reporter.java:18)
	at wrapper.WrapperMethods.takeSnap(WrapperMethods.java:316)
	at utils.Reporter.reportStep(Reporter.java:18)
	at wrapper.WrapperMethods.takeSnap(WrapperMethods.java:316)
	at utils.Reporter.reportStep(Reporter.java:18)
	at wrapper.WrapperMethods.takeSnap(WrapperMethods.java:316)
	at utils.Reporter.reportStep(Reporter.java:18)
	at wrapper.WrapperMethods.takeSnap(WrapperMethods.java:316)
	at utils.Reporter.reportStep(Reporter.java:18)
	at wrapper.WrapperMethods.takeSnap(WrapperMethods.java:316)
	at utils.Reporter.reportStep(Reporter.java:18)
	at wrapper.WrapperMethods.takeSnap(WrapperMethods.java:316)
	at utils.Reporter.reportStep(Reporter.java:18)
	at wrapper.WrapperMethods.takeSnap(WrapperMethods.java:316)
	at utils.Reporter.reportStep(Reporter.java:18)
	at wrapper.WrapperMethods.takeSnap(WrapperMethods.java:316)
	at utils.Reporter.reportStep(Reporter.java:18)
	at wrapper.WrapperMethods.takeSnap(WrapperMethods.java:316)
	at utils.Reporter.reportStep(Reporter.java:18)
	at wrapper.WrapperMethods.takeSnap(WrapperMethods.java:316)
	at utils.Reporter.reportStep(Reporter.java:18)
	at wrapper.WrapperMethods.takeSnap(WrapperMethods.java:316)
	at utils.Reporter.reportStep(Reporter.java:18)
	at wrapper.WrapperMethods.takeSnap(WrapperMethods.java:316)
	at utils.Reporter.reportStep(Reporter.java:18)
	at wrapper.WrapperMethods.takeSnap(WrapperMethods.java:316)
	at utils.Reporter.reportStep(Reporter.java:18)
	at wrapper.WrapperMethods.takeSnap(WrapperMethods.java:316)
	at utils.Reporter.reportStep(Reporter.java:18)
	at wrapper.WrapperMethods.takeSnap(WrapperMethods.java:316)
	at utils.Reporter.reportStep(Reporter.java:18)
	at wrapper.WrapperMethods.takeSnap(WrapperMethods.java:316)
	at utils.Reporter.reportStep(Reporter.java:18)
	at wrapper.WrapperMethods.takeSnap(WrapperMethods.java:316)
	at utils.Reporter.reportStep(Reporter.java:18)
	at wrapper.WrapperMethods.takeSnap(WrapperMethods.java:316)
	at utils.Reporter.reportStep(Reporter.java:18)
	at wrapper.WrapperMethods.takeSnap(WrapperMethods.java:316)
	at utils.Reporter.reportStep(Reporter.java:18)
	at wrapper.WrapperMethods.takeSnap(WrapperMethods.java:316)
	at utils.Reporter.reportStep(Reporter.java:18)
	at wrapper.WrapperMethods.takeSnap(WrapperMethods.java:316)
	at utils.Reporter.reportStep(Reporter.java:18)
	at wrapper.WrapperMethods.takeSnap(WrapperMethods.java:316)
	at utils.Reporter.reportStep(Reporter.java:18)
	at wrapper.WrapperMethods.takeSnap(WrapperMethods.java:316)
	at utils.Reporter.reportStep(Reporter.java:18)
	at wrapper.WrapperMethods.takeSnap(WrapperMethods.java:316)
	at utils.Reporter.reportStep(Reporter.java:18)
	at wrapper.WrapperMethods.takeSnap(WrapperMethods.java:316)
	at utils.Reporter.reportStep(Reporter.java:18)
	at wrapper.WrapperMethods.takeSnap(WrapperMethods.java:316)
	at utils.Reporter.reportStep(Reporter.java:18)
	at wrapper.WrapperMethods.takeSnap(WrapperMethods.java:316)
	at utils.Reporter.reportStep(Reporter.java:18)
	at wrapper.WrapperMethods.takeSnap(WrapperMethods.java:316)
	at utils.Reporter.reportStep(Reporter.java:18)
	at wrapper.WrapperMethods.takeSnap(WrapperMethods.java:316)
	at utils.Reporter.reportStep(Reporter.java:18)
	at wrapper.WrapperMethods.takeSnap(WrapperMethods.java:316)
	at utils.Reporter.reportStep(Reporter.java:18)
	at wrapper.WrapperMethods.takeSnap(WrapperMethods.java:316)
	at utils.Reporter.reportStep(Reporter.java:18)
	at wrapper.WrapperMethods.takeSnap(WrapperMethods.java:316)
	at utils.Reporter.reportStep(Reporter.java:18)
	at wrapper.WrapperMethods.takeSnap(WrapperMethods.java:316)
	at utils.Reporter.reportStep(Reporter.java:18)
	at wrapper.WrapperMethods.takeSnap(WrapperMethods.java:316)
	at utils.Reporter.reportStep(Reporter.java:18)
	at wrapper.WrapperMethods.takeSnap(WrapperMethods.java:316)
	at utils.Reporter.reportStep(Reporter.java:18)
	at wrapper.WrapperMethods.takeSnap(WrapperMethods.java:316)
	at utils.Reporter.reportStep(Reporter.java:18)
	at wrapper.WrapperMethods.takeSnap(WrapperMethods.java:316)
	at utils.Reporter.reportStep(Reporter.java:18)
	at wrapper.WrapperMethods.takeSnap(WrapperMethods.java:316)
	at utils.Reporter.reportStep(Reporter.java:18)
	at wrapper.WrapperMethods.takeSnap(WrapperMethods.java:316)
	at utils.Reporter.reportStep(Reporter.java:18)
	at wrapper.WrapperMethods.takeSnap(WrapperMethods.java:316)
	at utils.Reporter.reportStep(Reporter.java:18)
	at wrapper.WrapperMethods.takeSnap(WrapperMethods.java:316)
	at utils.Reporter.reportStep(Reporter.java:18)
	at wrapper.WrapperMethods.takeSnap(WrapperMethods.java:316)
	at utils.Reporter.reportStep(Reporter.java:18)
	at wrapper.WrapperMethods.takeSnap(WrapperMethods.java:316)
	at utils.Reporter.reportStep(Reporter.java:18)
	at wrapper.WrapperMethods.takeSnap(WrapperMethods.java:316)
	at utils.Reporter.reportStep(Reporter.java:18)
	at wrapper.WrapperMethods.takeSnap(WrapperMethods.java:316)
	at utils.Reporter.reportStep(Reporter.java:18)
	at wrapper.WrapperMethods.takeSnap(WrapperMethods.java:316)
	at utils.Reporter.reportStep(Reporter.java:18)
	at wrapper.WrapperMethods.takeSnap(WrapperMethods.java:316)
	at utils.Reporter.reportStep(Reporter.java:18)
	at wrapper.WrapperMethods.takeSnap(WrapperMethods.java:316)
	at utils.Reporter.reportStep(Reporter.java:18)
	at wrapper.WrapperMethods.takeSnap(WrapperMethods.java:316)
	at utils.Reporter.reportStep(Reporter.java:18)
	at wrapper.WrapperMethods.takeSnap(WrapperMethods.java:316)
	at utils.Reporter.reportStep(Reporter.java:18)
	at wrapper.WrapperMethods.takeSnap(WrapperMethods.java:316)
	at utils.Reporter.reportStep(Reporter.java:18)
	at wrapper.WrapperMethods.takeSnap(WrapperMethods.java:316)
	at utils.Reporter.reportStep(Reporter.java:18)
	at wrapper.WrapperMethods.takeSnap(WrapperMethods.java:316)
	at utils.Reporter.reportStep(Reporter.java:18)
	at wrapper.WrapperMethods.takeSnap(WrapperMethods.java:316)
	at utils.Reporter.reportStep(Reporter.java:18)
	at wrapper.WrapperMethods.takeSnap(WrapperMethods.java:316)
	at utils.Reporter.reportStep(Reporter.java:18)
	at wrapper.WrapperMethods.takeSnap(WrapperMethods.java:316)
	at utils.Reporter.reportStep(Reporter.java:18)
	at wrapper.WrapperMethods.takeSnap(WrapperMethods.java:316)
	at utils.Reporter.reportStep(Reporter.java:18)
	at wrapper.WrapperMethods.takeSnap(WrapperMethods.java:316)
	at utils.Reporter.reportStep(Reporter.java:18)
	at wrapper.WrapperMethods.takeSnap(WrapperMethods.java:316)
	at utils.Reporter.reportStep(Reporter.java:18)
	at wrapper.WrapperMethods.takeSnap(WrapperMethods.java:316)
	at utils.Reporter.reportStep(Reporter.java:18)
	at wrapper.WrapperMethods.takeSnap(WrapperMethods.java:316)
	at utils.Reporter.reportStep(Reporter.java:18)
	at wrapper.WrapperMethods.takeSnap(WrapperMethods.java:316)
	at utils.Reporter.reportStep(Reporter.java:18)
	at wrapper.WrapperMethods.takeSnap(WrapperMethods.java:316)
	at utils.Reporter.reportStep(Reporter.java:18)
	at wrapper.WrapperMethods.takeSnap(WrapperMethods.java:316)
	at utils.Reporter.reportStep(Reporter.java:18)
	at wrapper.WrapperMethods.takeSnap(WrapperMethods.java:316)
	at utils.Reporter.reportStep(Reporter.java:18)
	at wrapper.WrapperMethods.takeSnap(WrapperMethods.java:316)
	at utils.Reporter.reportStep(Reporter.java:18)
	at wrapper.WrapperMethods.takeSnap(WrapperMethods.java:316)
	at utils.Reporter.reportStep(Reporter.java:18)
	at wrapper.WrapperMethods.takeSnap(WrapperMethods.java:316)
	at utils.Reporter.reportStep(Reporter.java:18)
	at wrapper.WrapperMethods.takeSnap(WrapperMethods.java:316)
	at utils.Reporter.reportStep(Reporter.java:18)
	at wrapper.WrapperMethods.takeSnap(WrapperMethods.java:316)
	at utils.Reporter.reportStep(Reporter.java:18)
	at wrapper.WrapperMethods.takeSnap(WrapperMethods.java:316)
	at utils.Reporter.reportStep(Reporter.java:18)
	at wrapper.WrapperMethods.takeSnap(WrapperMethods.java:316)
	at utils.Reporter.reportStep(Reporter.java:18)
	at wrapper.WrapperMethods.takeSnap(WrapperMethods.java:316)
	at utils.Reporter.reportStep(Reporter.java:18)
	at wrapper.WrapperMethods.takeSnap(WrapperMethods.java:316)
	at utils.Reporter.reportStep(Reporter.java:18)
	at wrapper.WrapperMethods.takeSnap(WrapperMethods.java:316)
	at utils.Reporter.reportStep(Reporter.java:18)
	at wrapper.WrapperMethods.takeSnap(WrapperMethods.java:316)
	at utils.Reporter.reportStep(Reporter.java:18)
	at wrapper.WrapperMethods.takeSnap(WrapperMethods.java:316)
	at utils.Reporter.reportStep(Reporter.java:18)
	at wrapper.WrapperMethods.takeSnap(WrapperMethods.java:316)
	at utils.Reporter.reportStep(Reporter.java:18)
	at wrapper.WrapperMethods.takeSnap(WrapperMethods.java:316)
	at utils.Reporter.reportStep(Reporter.java:18)
	at wrapper.WrapperMethods.takeSnap(WrapperMethods.java:316)
	at utils.Reporter.reportStep(Reporter.java:18)
	at wrapper.WrapperMethods.takeSnap(WrapperMethods.java:316)
	at utils.Reporter.reportStep(Reporter.java:18)
	at wrapper.WrapperMethods.takeSnap(WrapperMethods.java:316)
	at utils.Reporter.reportStep(Reporter.java:18)
	at wrapper.WrapperMethods.takeSnap(WrapperMethods.java:316)
	at utils.Reporter.reportStep(Reporter.java:18)
	at wrapper.WrapperMethods.takeSnap(WrapperMethods.java:316)
	at utils.Reporter.reportStep(Reporter.java:18)
	at wrapper.WrapperMethods.takeSnap(WrapperMethods.java:316)
	at utils.Reporter.reportStep(Reporter.java:18)
	at wrapper.WrapperMethods.takeSnap(WrapperMethods.java:316)
	at utils.Reporter.reportStep(Reporter.java:18)
	at wrapper.WrapperMethods.takeSnap(WrapperMethods.java:316)
	at utils.Reporter.reportStep(Reporter.java:18)
	at wrapper.WrapperMethods.takeSnap(WrapperMethods.java:316)
	at utils.Reporter.reportStep(Reporter.java:18)
	at wrapper.WrapperMethods.takeSnap(WrapperMethods.java:316)
	at utils.Reporter.reportStep(Reporter.java:18)
	at wrapper.WrapperMethods.takeSnap(WrapperMethods.java:316)
	at utils.Reporter.reportStep(Reporter.java:18)
	at wrapper.WrapperMethods.takeSnap(WrapperMethods.java:316)
	at utils.Reporter.reportStep(Reporter.java:18)
	at wrapper.WrapperMethods.takeSnap(WrapperMethods.java:316)
	at utils.Reporter.reportStep(Reporter.java:18)
	at wrapper.WrapperMethods.takeSnap(WrapperMethods.java:316)
	at utils.Reporter.reportStep(Reporter.java:18)
	at wrapper.WrapperMethods.takeSnap(WrapperMethods.java:316)
	at utils.Reporter.reportStep(Reporter.java:18)
	at wrapper.WrapperMethods.takeSnap(WrapperMethods.java:316)
	at utils.Reporter.reportStep(Reporter.java:18)
	at wrapper.WrapperMethods.takeSnap(WrapperMethods.java:316)
	at utils.Reporter.reportStep(Reporter.java:18)
	at wrapper.WrapperMethods.takeSnap(WrapperMethods.java:316)
	at utils.Reporter.reportStep(Reporter.java:18)
	at wrapper.WrapperMethods.takeSnap(WrapperMethods.java:316)
	at utils.Reporter.reportStep(Reporter.java:18)
	at wrapper.WrapperMethods.takeSnap(WrapperMethods.java:316)
	at utils.Reporter.reportStep(Reporter.java:18)
	at wrapper.WrapperMethods.takeSnap(WrapperMethods.java:316)
	at utils.Reporter.reportStep(Reporter.java:18)
	at wrapper.WrapperMethods.takeSnap(WrapperMethods.java:316)
	at utils.Reporter.reportStep(Reporter.java:18)
	at wrapper.WrapperMethods.takeSnap(WrapperMethods.java:316)
	at utils.Reporter.reportStep(Reporter.java:18)
	at wrapper.WrapperMethods.takeSnap(WrapperMethods.java:316)
	at utils.Reporter.reportStep(Reporter.java:18)
	at wrapper.WrapperMethods.takeSnap(WrapperMethods.java:316)
	at utils.Reporter.reportStep(Reporter.java:18)
	at wrapper.WrapperMethods.takeSnap(WrapperMethods.java:316)
	at utils.Reporter.reportStep(Reporter.java:18)
	at wrapper.WrapperMethods.takeSnap(WrapperMethods.java:316)
	at utils.Reporter.reportStep(Reporter.java:18)
	at wrapper.WrapperMethods.takeSnap(WrapperMethods.java:316)
	at utils.Reporter.reportStep(Reporter.java:18)
	at wrapper.WrapperMethods.takeSnap(WrapperMethods.java:316)
	at utils.Reporter.reportStep(Reporter.java:18)
	at wrapper.WrapperMethods.takeSnap(WrapperMethods.java:316)
	at utils.Reporter.reportStep(Reporter.java:18)
	at wrapper.WrapperMethods.takeSnap(WrapperMethods.java:316)
	at utils.Reporter.reportStep(Reporter.java:18)
	at wrapper.WrapperMethods.takeSnap(WrapperMethods.java:316)
	at utils.Reporter.reportStep(Reporter.java:18)
	at wrapper.WrapperMethods.takeSnap(WrapperMethods.java:316)
	at utils.Reporter.reportStep(Reporter.java:18)
	at wrapper.WrapperMethods.takeSnap(WrapperMethods.java:316)
	at utils.Reporter.reportStep(Reporter.java:18)
	at wrapper.WrapperMethods.takeSnap(WrapperMethods.java:316)
	at utils.Reporter.reportStep(Reporter.java:18)
	at wrapper.WrapperMethods.takeSnap(WrapperMethods.java:316)
	at utils.Reporter.reportStep(Reporter.java:18)
	at wrapper.WrapperMethods.takeSnap(WrapperMethods.java:316)
	at utils.Reporter.reportStep(Reporter.java:18)
	at wrapper.WrapperMethods.takeSnap(WrapperMethods.java:316)
	at utils.Reporter.reportStep(Reporter.java:18)
	at wrapper.WrapperMethods.takeSnap(WrapperMethods.java:316)
	at utils.Reporter.reportStep(Reporter.java:18)
	at wrapper.WrapperMethods.takeSnap(WrapperMethods.java:316)
	at utils.Reporter.reportStep(Reporter.java:18)
	at wrapper.WrapperMethods.takeSnap(WrapperMethods.java:316)
	at utils.Reporter.reportStep(Reporter.java:18)
	at wrapper.WrapperMethods.takeSnap(WrapperMethods.java:316)
	at utils.Reporter.reportStep(Reporter.java:18)
	at wrapper.WrapperMethods.takeSnap(WrapperMethods.java:316)
	at utils.Reporter.reportStep(Reporter.java:18)
	at wrapper.WrapperMethods.takeSnap(WrapperMethods.java:316)
	at utils.Reporter.reportStep(Reporter.java:18)
	at wrapper.WrapperMethods.takeSnap(WrapperMethods.java:316)
	at utils.Reporter.reportStep(Reporter.java:18)
	at wrapper.WrapperMethods.takeSnap(WrapperMethods.java:316)
	at utils.Reporter.reportStep(Reporter.java:18)
	at wrapper.WrapperMethods.takeSnap(WrapperMethods.java:316)
	at utils.Reporter.reportStep(Reporter.java:18)
	at wrapper.WrapperMethods.takeSnap(WrapperMethods.java:316)
	at utils.Reporter.reportStep(Reporter.java:18)
	at wrapper.WrapperMethods.takeSnap(WrapperMethods.java:316)
	at utils.Reporter.reportStep(Reporter.java:18)
	at wrapper.WrapperMethods.takeSnap(WrapperMethods.java:316)
	at utils.Reporter.reportStep(Reporter.java:18)
	at wrapper.WrapperMethods.takeSnap(WrapperMethods.java:316)
	at utils.Reporter.reportStep(Reporter.java:18)
	at wrapper.WrapperMethods.takeSnap(WrapperMethods.java:316)
	at utils.Reporter.reportStep(Reporter.java:18)
	at wrapper.WrapperMethods.takeSnap(WrapperMethods.java:316)
	at utils.Reporter.reportStep(Reporter.java:18)
	at wrapper.WrapperMethods.takeSnap(WrapperMethods.java:316)
	at utils.Reporter.reportStep(Reporter.java:18)
	at wrapper.WrapperMethods.takeSnap(WrapperMethods.java:316)
	at utils.Reporter.reportStep(Reporter.java:18)
	at wrapper.WrapperMethods.takeSnap(WrapperMethods.java:316)
	at utils.Reporter.reportStep(Reporter.java:18)
	at wrapper.WrapperMethods.takeSnap(WrapperMethods.java:316)
	at utils.Reporter.reportStep(Reporter.java:18)
	at wrapper.WrapperMethods.takeSnap(WrapperMethods.java:316)
	at utils.Reporter.reportStep(Reporter.java:18)
	at wrapper.WrapperMethods.takeSnap(WrapperMethods.java:316)
	at utils.Reporter.reportStep(Reporter.java:18)
	at wrapper.WrapperMethods.takeSnap(WrapperMethods.java:316)
	at utils.Reporter.reportStep(Reporter.java:18)
	at wrapper.WrapperMethods.takeSnap(WrapperMethods.java:316)
	at utils.Reporter.reportStep(Reporter.java:18)
	at wrapper.WrapperMethods.takeSnap(WrapperMethods.java:316)
	at utils.Reporter.reportStep(Reporter.java:18)
	at wrapper.WrapperMethods.takeSnap(WrapperMethods.java:316)
	at utils.Reporter.reportStep(Reporter.java:18)
	at wrapper.WrapperMethods.takeSnap(WrapperMethods.java:316)
	at utils.Reporter.reportStep(Reporter.java:18)
	at wrapper.WrapperMethods.takeSnap(WrapperMethods.java:316)
	at utils.Reporter.reportStep(Reporter.java:18)
	at wrapper.WrapperMethods.takeSnap(WrapperMethods.java:316)
	at utils.Reporter.reportStep(Reporter.java:18)
	at wrapper.WrapperMethods.takeSnap(WrapperMethods.java:316)
	at utils.Reporter.reportStep(Reporter.java:18)
	at wrapper.WrapperMethods.takeSnap(WrapperMethods.java:316)
	at utils.Reporter.reportStep(Reporter.java:18)
	at wrapper.WrapperMethods.takeSnap(WrapperMethods.java:316)
	at utils.Reporter.reportStep(Reporter.java:18)
	at wrapper.WrapperMethods.takeSnap(WrapperMethods.java:316)
	at utils.Reporter.reportStep(Reporter.java:18)
	at wrapper.WrapperMethods.takeSnap(WrapperMethods.java:316)
	at utils.Reporter.reportStep(Reporter.java:18)
	at wrapper.WrapperMethods.takeSnap(WrapperMethods.java:316)
	at utils.Reporter.reportStep(Reporter.java:18)
	at wrapper.WrapperMethods.takeSnap(WrapperMethods.java:316)
	at utils.Reporter.reportStep(Reporter.java:18)
	at wrapper.WrapperMethods.takeSnap(WrapperMethods.java:316)
	at utils.Reporter.reportStep(Reporter.java:18)
	at wrapper.WrapperMethods.takeSnap(WrapperMethods.java:316)
	at utils.Reporter.reportStep(Reporter.java:18)
	at wrapper.WrapperMethods.takeSnap(WrapperMethods.java:316)
	at utils.Reporter.reportStep(Reporter.java:18)
	at wrapper.WrapperMethods.takeSnap(WrapperMethods.java:316)
	at utils.Reporter.reportStep(Reporter.java:18)
	at wrapper.WrapperMethods.takeSnap(WrapperMethods.java:316)
	at utils.Reporter.reportStep(Reporter.java:18)
	at wrapper.WrapperMethods.takeSnap(WrapperMethods.java:316)
	at utils.Reporter.reportStep(Reporter.java:18)
	at wrapper.WrapperMethods.takeSnap(WrapperMethods.java:316)
	at utils.Reporter.reportStep(Reporter.java:18)
	at wrapper.WrapperMethods.takeSnap(WrapperMethods.java:316)
	at utils.Reporter.reportStep(Reporter.java:18)
	at wrapper.WrapperMethods.takeSnap(WrapperMethods.java:316)
	at utils.Reporter.reportStep(Reporter.java:18)
	at wrapper.WrapperMethods.takeSnap(WrapperMethods.java:316)
	at utils.Reporter.reportStep(Reporter.java:18)
	at wrapper.WrapperMethods.takeSnap(WrapperMethods.java:316)
	at utils.Reporter.reportStep(Reporter.java:18)
	at wrapper.WrapperMethods.takeSnap(WrapperMethods.java:316)
	at utils.Reporter.reportStep(Reporter.java:18)
	at wrapper.WrapperMethods.takeSnap(WrapperMethods.java:316)
	at utils.Reporter.reportStep(Reporter.java:18)
	at wrapper.WrapperMethods.takeSnap(WrapperMethods.java:316)
	at utils.Reporter.reportStep(Reporter.java:18)
	at wrapper.WrapperMethods.takeSnap(WrapperMethods.java:316)
	at utils.Reporter.reportStep(Reporter.java:18)
	at wrapper.WrapperMethods.takeSnap(WrapperMethods.java:316)
	at utils.Reporter.reportStep(Reporter.java:18)
	at wrapper.WrapperMethods.takeSnap(WrapperMethods.java:316)
	at utils.Reporter.reportStep(Reporter.java:18)
	at wrapper.WrapperMethods.takeSnap(WrapperMethods.java:316)
	at utils.Reporter.reportStep(Reporter.java:18)
	at wrapper.WrapperMethods.takeSnap(WrapperMethods.java:316)
	at utils.Reporter.reportStep(Reporter.java:18)
	at wrapper.WrapperMethods.takeSnap(WrapperMethods.java:316)
	at utils.Reporter.reportStep(Reporter.java:18)
	at wrapper.WrapperMethods.takeSnap(WrapperMethods.java:316)
	at utils.Reporter.reportStep(Reporter.java:18)
	at wrapper.WrapperMethods.takeSnap(WrapperMethods.java:316)
	at utils.Reporter.reportStep(Reporter.java:18)
	at wrapper.WrapperMethods.takeSnap(WrapperMethods.java:316)
	at utils.Reporter.reportStep(Reporter.java:18)
	at wrapper.WrapperMethods.takeSnap(WrapperMethods.java:316)
	at utils.Reporter.reportStep(Reporter.java:18)
	at wrapper.WrapperMethods.takeSnap(WrapperMethods.java:316)
	at utils.Reporter.reportStep(Reporter.java:18)
	at wrapper.WrapperMethods.takeSnap(WrapperMethods.java:316)
	at utils.Reporter.reportStep(Reporter.java:18)
	at wrapper.WrapperMethods.takeSnap(WrapperMethods.java:316)
	at utils.Reporter.reportStep(Reporter.java:18)
	at wrapper.WrapperMethods.takeSnap(WrapperMethods.java:316)
	at utils.Reporter.reportStep(Reporter.java:18)
	at wrapper.WrapperMethods.takeSnap(WrapperMethods.java:316)
	at utils.Reporter.reportStep(Reporter.java:18)
	at wrapper.WrapperMethods.takeSnap(WrapperMethods.java:316)
	at utils.Reporter.reportStep(Reporter.java:18)
	at wrapper.WrapperMethods.takeSnap(WrapperMethods.java:316)
	at utils.Reporter.reportStep(Reporter.java:18)
	at wrapper.WrapperMethods.takeSnap(WrapperMethods.java:316)
	at utils.Reporter.reportStep(Reporter.java:18)
	at wrapper.WrapperMethods.takeSnap(WrapperMethods.java:316)
	at utils.Reporter.reportStep(Reporter.java:18)
	at wrapper.WrapperMethods.takeSnap(WrapperMethods.java:316)
	at utils.Reporter.reportStep(Reporter.java:18)
	at wrapper.WrapperMethods.takeSnap(WrapperMethods.java:316)
	at utils.Reporter.reportStep(Reporter.java:18)
	at wrapper.WrapperMethods.takeSnap(WrapperMethods.java:316)
	at utils.Reporter.reportStep(Reporter.java:18)
	at wrapper.WrapperMethods.takeSnap(WrapperMethods.java:316)
	at utils.Reporter.reportStep(Reporter.java:18)
	at wrapper.WrapperMethods.takeSnap(WrapperMethods.java:316)
	at utils.Reporter.reportStep(Reporter.java:18)
	at wrapper.WrapperMethods.takeSnap(WrapperMethods.java:316)
	at utils.Reporter.reportStep(Reporter.java:18)
	at wrapper.WrapperMethods.takeSnap(WrapperMethods.java:316)
	at utils.Reporter.reportStep(Reporter.java:18)
	at wrapper.WrapperMethods.takeSnap(WrapperMethods.java:316)
	at utils.Reporter.reportStep(Reporter.java:18)
	at wrapper.WrapperMethods.takeSnap(WrapperMethods.java:316)
	at utils.Reporter.reportStep(Reporter.java:18)
	at wrapper.WrapperMethods.takeSnap(WrapperMethods.java:316)
	at utils.Reporter.reportStep(Reporter.java:18)
	at wrapper.WrapperMethods.takeSnap(WrapperMethods.java:316)
	at utils.Reporter.reportStep(Reporter.java:18)
	at wrapper.WrapperMethods.takeSnap(WrapperMethods.java:316)
	at utils.Reporter.reportStep(Reporter.java:18)
	at wrapper.WrapperMethods.takeSnap(WrapperMethods.java:316)
	at utils.Reporter.reportStep(Reporter.java:18)
	at wrapper.WrapperMethods.takeSnap(WrapperMethods.java:316)
	at utils.Reporter.reportStep(Reporter.java:18)
	at wrapper.WrapperMethods.takeSnap(WrapperMethods.java:316)
	at utils.Reporter.reportStep(Reporter.java:18)
	at wrapper.WrapperMethods.takeSnap(WrapperMethods.java:316)
	at utils.Reporter.reportStep(Reporter.java:18)
	at wrapper.WrapperMethods.takeSnap(WrapperMethods.java:316)
	at utils.Reporter.reportStep(Reporter.java:18)
	at wrapper.WrapperMethods.takeSnap(WrapperMethods.java:316)
	at utils.Reporter.reportStep(Reporter.java:18)
	at wrapper.WrapperMethods.takeSnap(WrapperMethods.java:316)
	at utils.Reporter.reportStep(Reporter.java:18)
	at wrapper.WrapperMethods.takeSnap(WrapperMethods.java:316)
	at utils.Reporter.reportStep(Reporter.java:18)
	at wrapper.WrapperMethods.takeSnap(WrapperMethods.java:316)
	at utils.Reporter.reportStep(Reporter.java:18)
	at wrapper.WrapperMethods.takeSnap(WrapperMethods.java:316)
	at utils.Reporter.reportStep(Reporter.java:18)
	at wrapper.WrapperMethods.takeSnap(WrapperMethods.java:316)
	at utils.Reporter.reportStep(Reporter.java:18)
	at wrapper.WrapperMethods.takeSnap(WrapperMethods.java:316)
	at utils.Reporter.reportStep(Reporter.java:18)
	at wrapper.WrapperMethods.takeSnap(WrapperMethods.java:316)
	at utils.Reporter.reportStep(Reporter.java:18)
	at wrapper.WrapperMethods.takeSnap(WrapperMethods.java:316)
	at utils.Reporter.reportStep(Reporter.java:18)
	at wrapper.WrapperMethods.takeSnap(WrapperMethods.java:316)
	at utils.Reporter.reportStep(Reporter.java:18)
	at wrapper.WrapperMethods.takeSnap(WrapperMethods.java:316)
	at utils.Reporter.reportStep(Reporter.java:18)
	at wrapper.WrapperMethods.takeSnap(WrapperMethods.java:316)
	at utils.Reporter.reportStep(Reporter.java:18)
	at wrapper.WrapperMethods.takeSnap(WrapperMethods.java:316)
	at utils.Reporter.reportStep(Reporter.java:18)
	at wrapper.WrapperMethods.takeSnap(WrapperMethods.java:316)
	at utils.Reporter.reportStep(Reporter.java:18)
	at wrapper.WrapperMethods.takeSnap(WrapperMethods.java:316)
	at utils.Reporter.reportStep(Reporter.java:18)
	at wrapper.WrapperMethods.takeSnap(WrapperMethods.java:316)
	at utils.Reporter.reportStep(Reporter.java:18)
	at wrapper.WrapperMethods.takeSnap(WrapperMethods.java:316)
	at utils.Reporter.reportStep(Reporter.java:18)
	at wrapper.WrapperMethods.takeSnap(WrapperMethods.java:316)
	at utils.Reporter.reportStep(Reporter.java:18)
	at wrapper.WrapperMethods.takeSnap(WrapperMethods.java:316)
	at utils.Reporter.reportStep(Reporter.java:18)
	at wrapper.WrapperMethods.takeSnap(WrapperMethods.java:316)
	at utils.Reporter.reportStep(Reporter.java:18)
	at wrapper.WrapperMethods.takeSnap(WrapperMethods.java:316)
	at utils.Reporter.reportStep(Reporter.java:18)
	at wrapper.WrapperMethods.takeSnap(WrapperMethods.java:316)
	at utils.Reporter.reportStep(Reporter.java:18)
	at wrapper.WrapperMethods.takeSnap(WrapperMethods.java:316)
	at utils.Reporter.reportStep(Reporter.java:18)
	at wrapper.WrapperMethods.takeSnap(WrapperMethods.java:316)
	at utils.Reporter.reportStep(Reporter.java:18)
	at wrapper.WrapperMethods.takeSnap(WrapperMethods.java:316)
	at utils.Reporter.reportStep(Reporter.java:18)
	at wrapper.WrapperMethods.takeSnap(WrapperMethods.java:316)
	at utils.Reporter.reportStep(Reporter.java:18)
	at wrapper.WrapperMethods.takeSnap(WrapperMethods.java:316)
	at utils.Reporter.reportStep(Reporter.java:18)
	at wrapper.WrapperMethods.takeSnap(WrapperMethods.java:316)
	at utils.Reporter.reportStep(Reporter.java:18)
	at wrapper.WrapperMethods.takeSnap(WrapperMethods.java:316)
	at utils.Reporter.reportStep(Reporter.java:18)
	at wrapper.WrapperMethods.takeSnap(WrapperMethods.java:316)
	at utils.Reporter.reportStep(Reporter.java:18)
	at wrapper.WrapperMethods.takeSnap(WrapperMethods.java:316)
	at utils.Reporter.reportStep(Reporter.java:18)
	at wrapper.WrapperMethods.takeSnap(WrapperMethods.java:316)
	at utils.Reporter.reportStep(Reporter.java:18)
	at wrapper.WrapperMethods.takeSnap(WrapperMethods.java:316)
	at utils.Reporter.reportStep(Reporter.java:18)
	at wrapper.WrapperMethods.takeSnap(WrapperMethods.java:316)
	at utils.Reporter.reportStep(Reporter.java:18)
	at wrapper.WrapperMethods.takeSnap(WrapperMethods.java:316)
	at utils.Reporter.reportStep(Reporter.java:18)
	at wrapper.WrapperMethods.takeSnap(WrapperMethods.java:316)
	at utils.Reporter.reportStep(Reporter.java:18)
	at wrapper.WrapperMethods.takeSnap(WrapperMethods.java:316)
	at utils.Reporter.reportStep(Reporter.java:18)
	at wrapper.WrapperMethods.takeSnap(WrapperMethods.java:316)
	at utils.Reporter.reportStep(Reporter.java:18)
	at wrapper.WrapperMethods.takeSnap(WrapperMethods.java:316)
	at utils.Reporter.reportStep(Reporter.java:18)
	at wrapper.WrapperMethods.takeSnap(WrapperMethods.java:316)
	at utils.Reporter.reportStep(Reporter.java:18)
	at wrapper.WrapperMethods.takeSnap(WrapperMethods.java:316)
	at utils.Reporter.reportStep(Reporter.java:18)
	at wrapper.WrapperMethods.takeSnap(WrapperMethods.java:316)
	at utils.Reporter.reportStep(Reporter.java:18)
	at wrapper.WrapperMethods.takeSnap(WrapperMethods.java:316)
	at utils.Reporter.reportStep(Reporter.java:18)
	at wrapper.WrapperMethods.takeSnap(WrapperMethods.java:316)
	at utils.Reporter.reportStep(Reporter.java:18)
	at wrapper.WrapperMethods.takeSnap(WrapperMethods.java:316)
	at utils.Reporter.reportStep(Reporter.java:18)
	at wrapper.WrapperMethods.takeSnap(WrapperMethods.java:316)
	at utils.Reporter.reportStep(Reporter.java:18)
	at wrapper.WrapperMethods.takeSnap(WrapperMethods.java:316)
	at utils.Reporter.reportStep(Reporter.java:18)
	at wrapper.WrapperMethods.takeSnap(WrapperMethods.java:316)
	at utils.Reporter.reportStep(Reporter.java:18)
	at wrapper.WrapperMethods.takeSnap(WrapperMethods.java:316)
	at utils.Reporter.reportStep(Reporter.java:18)
	at wrapper.WrapperMethods.takeSnap(WrapperMethods.java:316)
	at utils.Reporter.reportStep(Reporter.java:18)
	at wrapper.WrapperMethods.takeSnap(WrapperMethods.java:316)
	at utils.Reporter.reportStep(Reporter.java:18)
	at wrapper.WrapperMethods.takeSnap(WrapperMethods.java:316)
	at utils.Reporter.reportStep(Reporter.java:18)
	at wrapper.WrapperMethods.takeSnap(WrapperMethods.java:316)
	at utils.Reporter.reportStep(Reporter.java:18)
	at wrapper.WrapperMethods.takeSnap(WrapperMethods.java:316)
	at utils.Reporter.reportStep(Reporter.java:18)
	at wrapper.WrapperMethods.takeSnap(WrapperMethods.java:316)
	at utils.Reporter.reportStep(Reporter.java:18)
	at wrapper.WrapperMethods.takeSnap(WrapperMethods.java:316)
	at utils.Reporter.reportStep(Reporter.java:18)
	at wrapper.WrapperMethods.takeSnap(WrapperMethods.java:316)
	at utils.Reporter.reportStep(Reporter.java:18)
	at wrapper.WrapperMethods.takeSnap(WrapperMethods.java:316)
	at utils.Reporter.reportStep(Reporter.java:18)
	at wrapper.WrapperMethods.takeSnap(WrapperMethods.java:316)
	at utils.Reporter.reportStep(Reporter.java:18)
	at wrapper.WrapperMethods.takeSnap(WrapperMethods.java:316)
	at utils.Reporter.reportStep(Reporter.java:18)
	at wrapper.WrapperMethods.takeSnap(WrapperMethods.java:316)
	at utils.Reporter.reportStep(Reporter.java:18)
	at wrapper.WrapperMethods.takeSnap(WrapperMethods.java:316)
	at utils.Reporter.reportStep(Reporter.java:18)
	at wrapper.WrapperMethods.takeSnap(WrapperMethods.java:316)
	at utils.Reporter.reportStep(Reporter.java:18)
	at wrapper.WrapperMethods.takeSnap(WrapperMethods.java:316)
	at utils.Reporter.reportStep(Reporter.java:18)
	at wrapper.WrapperMethods.takeSnap(WrapperMethods.java:316)
	at utils.Reporter.reportStep(Reporter.java:18)
	at wrapper.WrapperMethods.takeSnap(WrapperMethods.java:316)
	at utils.Reporter.reportStep(Reporter.java:18)
	at wrapper.WrapperMethods.takeSnap(WrapperMethods.java:316)
	at utils.Reporter.reportStep(Reporter.java:18)
	at wrapper.WrapperMethods.takeSnap(WrapperMethods.java:316)
	at utils.Reporter.reportStep(Reporter.java:18)
	at wrapper.WrapperMethods.takeSnap(WrapperMethods.java:316)
	at utils.Reporter.reportStep(Reporter.java:18)
	at wrapper.WrapperMethods.takeSnap(WrapperMethods.java:316)
	at utils.Reporter.reportStep(Reporter.java:18)
	at wrapper.WrapperMethods.takeSnap(WrapperMethods.java:316)
	at utils.Reporter.reportStep(Reporter.java:18)
	at wrapper.WrapperMethods.takeSnap(WrapperMethods.java:316)
	at utils.Reporter.reportStep(Reporter.java:18)
	at wrapper.WrapperMethods.takeSnap(WrapperMethods.java:316)
	at utils.Reporter.reportStep(Reporter.java:18)
	at wrapper.WrapperMethods.takeSnap(WrapperMethods.java:316)
	at utils.Reporter.reportStep(Reporter.java:18)
	at wrapper.WrapperMethods.takeSnap(WrapperMethods.java:316)
	at utils.Reporter.reportStep(Reporter.java:18)
	at wrapper.WrapperMethods.takeSnap(WrapperMethods.java:316)
	at utils.Reporter.reportStep(Reporter.java:18)
	at wrapper.WrapperMethods.takeSnap(WrapperMethods.java:316)
	at utils.Reporter.reportStep(Reporter.java:18)
	at wrapper.WrapperMethods.takeSnap(WrapperMethods.java:316)
	at utils.Reporter.reportStep(Reporter.java:18)
	at wrapper.WrapperMethods.takeSnap(WrapperMethods.java:316)
	at utils.Reporter.reportStep(Reporter.java:18)
	at wrapper.WrapperMethods.takeSnap(WrapperMethods.java:316)
	at utils.Reporter.reportStep(Reporter.java:18)
	at wrapper.WrapperMethods.takeSnap(WrapperMethods.java:316)
	at utils.Reporter.reportStep(Reporter.java:18)
	at wrapper.WrapperMethods.takeSnap(WrapperMethods.java:316)
	at utils.Reporter.reportStep(Reporter.java:18)
	at wrapper.WrapperMethods.takeSnap(WrapperMethods.java:316)
	at utils.Reporter.reportStep(Reporter.java:18)
	at wrapper.WrapperMethods.takeSnap(WrapperMethods.java:316)
	at utils.Reporter.reportStep(Reporter.java:18)
	at wrapper.WrapperMethods.takeSnap(WrapperMethods.java:316)
	at utils.Reporter.reportStep(Reporter.java:18)
	at wrapper.WrapperMethods.takeSnap(WrapperMethods.java:316)
	at utils.Reporter.reportStep(Reporter.java:18)
	at wrapper.WrapperMethods.takeSnap(WrapperMethods.java:316)
	at utils.Reporter.reportStep(Reporter.java:18)
	at wrapper.WrapperMethods.takeSnap(WrapperMethods.java:316)
	at utils.Reporter.reportStep(Reporter.java:18)
	at wrapper.WrapperMethods.takeSnap(WrapperMethods.java:316)
	at utils.Reporter.reportStep(Reporter.java:18)
	at wrapper.WrapperMethods.takeSnap(WrapperMethods.java:316)
	at utils.Reporter.reportStep(Reporter.java:18)
	at wrapper.WrapperMethods.takeSnap(WrapperMethods.java:316)
	at utils.Reporter.reportStep(Reporter.java:18)
	at wrapper.WrapperMethods.takeSnap(WrapperMethods.java:316)
	at utils.Reporter.reportStep(Reporter.java:18)
	at wrapper.WrapperMethods.takeSnap(WrapperMethods.java:316)
	at utils.Reporter.reportStep(Reporter.java:18)
	at wrapper.WrapperMethods.takeSnap(WrapperMethods.java:316)
	at utils.Reporter.reportStep(Reporter.java:18)
	at wrapper.WrapperMethods.takeSnap(WrapperMethods.java:316)
	at utils.Reporter.reportStep(Reporter.java:18)
	at wrapper.WrapperMethods.takeSnap(WrapperMethods.java:316)
	at utils.Reporter.reportStep(Reporter.java:18)
	at wrapper.WrapperMethods.takeSnap(WrapperMethods.java:316)
	at utils.Reporter.reportStep(Reporter.java:18)
	at wrapper.WrapperMethods.takeSnap(WrapperMethods.java:316)
	at utils.Reporter.reportStep(Reporter.java:18)
	at wrapper.WrapperMethods.takeSnap(WrapperMethods.java:316)
	at utils.Reporter.reportStep(Reporter.java:18)
	at wrapper.WrapperMethods.takeSnap(WrapperMethods.java:316)
	at utils.Reporter.reportStep(Reporter.java:18)
	at wrapper.WrapperMethods.takeSnap(WrapperMethods.java:316)
	at utils.Reporter.reportStep(Reporter.java:18)
	at wrapper.WrapperMethods.takeSnap(WrapperMethods.java:316)
	at utils.Reporter.reportStep(Reporter.java:18)
	at wrapper.WrapperMethods.takeSnap(WrapperMethods.java:316)
	at utils.Reporter.reportStep(Reporter.java:18)
	at wrapper.WrapperMethods.takeSnap(WrapperMethods.java:316)
	at utils.Reporter.reportStep(Reporter.java:18)
	at wrapper.WrapperMethods.takeSnap(WrapperMethods.java:316)
	at utils.Reporter.reportStep(Reporter.java:18)
	at wrapper.WrapperMethods.takeSnap(WrapperMethods.java:316)
	at utils.Reporter.reportStep(Reporter.java:18)
	at wrapper.WrapperMethods.takeSnap(WrapperMethods.java:316)
	at utils.Reporter.reportStep(Reporter.java:18)
	at wrapper.WrapperMethods.takeSnap(WrapperMethods.java:316)
	at utils.Reporter.reportStep(Reporter.java:18)
	at wrapper.WrapperMethods.takeSnap(WrapperMethods.java:316)
	at utils.Reporter.reportStep(Reporter.java:18)
	at wrapper.WrapperMethods.takeSnap(WrapperMethods.java:316)
	at utils.Reporter.reportStep(Reporter.java:18)
	at wrapper.WrapperMethods.takeSnap(WrapperMethods.java:316)
	at utils.Reporter.reportStep(Reporter.java:18)
	at wrapper.WrapperMethods.takeSnap(WrapperMethods.java:316)
	at utils.Reporter.reportStep(Reporter.java:18)
	at wrapper.WrapperMethods.takeSnap(WrapperMethods.java:316)
	at utils.Reporter.reportStep(Reporter.java:18)
	at wrapper.WrapperMethods.takeSnap(WrapperMethods.java:316)
	at utils.Reporter.reportStep(Reporter.java:18)
	at wrapper.WrapperMethods.takeSnap(WrapperMethods.java:316)
	at utils.Reporter.reportStep(Reporter.java:18)
	at wrapper.WrapperMethods.takeSnap(WrapperMethods.java:316)
	at utils.Reporter.reportStep(Reporter.java:18)
	at wrapper.WrapperMethods.takeSnap(WrapperMethods.java:316)
	at utils.Reporter.reportStep(Reporter.java:18)
	at wrapper.WrapperMethods.takeSnap(WrapperMethods.java:316)
	at utils.Reporter.reportStep(Reporter.java:18)
	at wrapper.WrapperMethods.takeSnap(WrapperMethods.java:316)
	at utils.Reporter.reportStep(Reporter.java:18)
	at wrapper.WrapperMethods.takeSnap(WrapperMethods.java:316)
	at utils.Reporter.reportStep(Reporter.java:18)
	at wrapper.WrapperMethods.takeSnap(WrapperMethods.java:316)
	at utils.Reporter.reportStep(Reporter.java:18)
	at wrapper.WrapperMethods.takeSnap(WrapperMethods.java:316)
	at utils.Reporter.reportStep(Reporter.java:18)
	at wrapper.WrapperMethods.takeSnap(WrapperMethods.java:316)
	at utils.Reporter.reportStep(Reporter.java:18)
	at wrapper.WrapperMethods.takeSnap(WrapperMethods.java:316)
	at utils.Reporter.reportStep(Reporter.java:18)
	at wrapper.WrapperMethods.takeSnap(WrapperMethods.java:316)
	at utils.Reporter.reportStep(Reporter.java:18)
	at wrapper.WrapperMethods.takeSnap(WrapperMethods.java:316)
	at utils.Reporter.reportStep(Reporter.java:18)
	at wrapper.WrapperMethods.takeSnap(WrapperMethods.java:316)
	at utils.Reporter.reportStep(Reporter.java:18)
	at wrapper.WrapperMethods.takeSnap(WrapperMethods.java:316)
	at utils.Reporter.reportStep(Reporter.java:18)
	at wrapper.WrapperMethods.takeSnap(WrapperMethods.java:316)
	at utils.Reporter.reportStep(Reporter.java:18)
	at wrapper.WrapperMethods.takeSnap(WrapperMethods.java:316)
	at utils.Reporter.reportStep(Reporter.java:18)
	at wrapper.WrapperMethods.takeSnap(WrapperMethods.java:316)
	at utils.Reporter.reportStep(Reporter.java:18)
	at wrapper.WrapperMethods.takeSnap(WrapperMethods.java:316)
	at utils.Reporter.reportStep(Reporter.java:18)
	at wrapper.WrapperMethods.takeSnap(WrapperMethods.java:316)
	at utils.Reporter.reportStep(Reporter.java:18)
	at wrapper.WrapperMethods.takeSnap(WrapperMethods.java:316)
	at utils.Reporter.reportStep(Reporter.java:18)
	at wrapper.WrapperMethods.takeSnap(WrapperMethods.java:316)
	at utils.Reporter.reportStep(Reporter.java:18)
	at wrapper.WrapperMethods.takeSnap(WrapperMethods.java:316)
	at utils.Reporter.reportStep(Reporter.java:18)
	at wrapper.WrapperMethods.takeSnap(WrapperMethods.java:316)
]]>
    </error>
  </testcase> <!-- login -->
</testsuite> <!-- testcases.TC02_ChangeProfile -->
