<?xml version="1.0" encoding="UTF-8"?>
<!-- Generated by org.testng.reporters.JUnitReportReporter -->
<testsuite hostname="DESKTOP-TCHB44F" name="testcases.TC04_ParticipantDetails" tests="1" failures="0" timestamp="3 Feb 2017 15:53:25 GMT" time="81.555" errors="0">
  <testcase name="login" time="81.555" classname="testcases.TC04_ParticipantDetails"/>
</testsuite> <!-- testcases.TC04_ParticipantDetails -->
