<?xml version="1.0" encoding="UTF-8"?>
<!-- Generated by org.testng.reporters.JUnitReportReporter -->
<testsuite hostname="DESKTOP-TCHB44F" name="testcases.TC01_Login2" tests="1" failures="0" timestamp="3 Feb 2017 12:39:35 GMT" time="42.489" errors="0">
  <testcase name="login" time="42.489" classname="testcases.TC01_Login2"/>
</testsuite> <!-- testcases.TC01_Login2 -->
